<?xml version="1.0" encoding="UTF-8"?>
<robot generator="Robot 5.0.1 (Python 3.10.5 on win32)" generated="20220622 19:54:08.983" rpa="false" schemaversion="3">
<suite id="s1" name="Swaglab" source="F:\Dojobox\Demo\DemoDriveData\swaglab.robot">
<test id="s1-t1" name="I Login with valid username and valid password" line="11">
<kw name="Open Browser" library="SeleniumLibrary" type="SETUP">
<arg>${base_url}</arg>
<arg>${browser_type}</arg>
<doc>Opens a new browser instance to the optional ``url``.</doc>
<msg timestamp="20220622 19:54:09.380" level="INFO">Opening browser 'Chrome' to base url 'https://www.saucedemo.com/'.</msg>
<status status="PASS" starttime="20220622 19:54:09.379" endtime="20220622 19:54:12.523"/>
</kw>
<kw name="Maximize Browser Window" library="SeleniumLibrary">
<doc>Maximizes current browser window.</doc>
<status status="PASS" starttime="20220622 19:54:12.527" endtime="20220622 19:54:12.720"/>
</kw>
<kw name="Input Text" library="SeleniumLibrary">
<arg>//input[@id="user-name"]</arg>
<arg>standard_user</arg>
<doc>Types the given ``text`` into the text field identified by ``locator``.</doc>
<msg timestamp="20220622 19:54:12.722" level="INFO">Typing text 'standard_user' into text field '//input[@id="user-name"]'.</msg>
<status status="PASS" starttime="20220622 19:54:12.721" endtime="20220622 19:54:12.942"/>
</kw>
<kw name="Input Text" library="SeleniumLibrary">
<arg>//input[@id="password"]</arg>
<arg>secret_sauce</arg>
<doc>Types the given ``text`` into the text field identified by ``locator``.</doc>
<msg timestamp="20220622 19:54:12.943" level="INFO">Typing text 'secret_sauce' into text field '//input[@id="password"]'.</msg>
<status status="PASS" starttime="20220622 19:54:12.943" endtime="20220622 19:54:13.153"/>
</kw>
<kw name="Click Element" library="SeleniumLibrary">
<arg>//input[@id="login-button"]</arg>
<doc>Click the element identified by ``locator``.</doc>
<msg timestamp="20220622 19:54:13.154" level="INFO">Clicking element '//input[@id="login-button"]'.</msg>
<status status="PASS" starttime="20220622 19:54:13.153" endtime="20220622 19:54:13.379"/>
</kw>
<kw name="Close Browser" library="SeleniumLibrary" type="TEARDOWN">
<doc>Closes the current browser.</doc>
<status status="PASS" starttime="20220622 19:54:13.382" endtime="20220622 19:54:15.674"/>
</kw>
<status status="PASS" starttime="20220622 19:54:09.378" endtime="20220622 19:54:15.675"/>
</test>
<status status="PASS" starttime="20220622 19:54:08.989" endtime="20220622 19:54:15.678"/>
</suite>
<statistics>
<total>
<stat pass="1" fail="0" skip="0">All Tests</stat>
</total>
<tag>
</tag>
<suite>
<stat pass="1" fail="0" skip="0" id="s1" name="Swaglab">Swaglab</stat>
</suite>
</statistics>
<errors>
</errors>
</robot>
