<?xml version="1.0" encoding="UTF-8"?>
<robot generator="Robot 5.0.1 (Python 3.10.5 on win32)" generated="20220622 21:23:09.981" rpa="false" schemaversion="3">
<suite id="s1" name="Swaglab2" source="F:\Dojobox\Demo\DemoDriveData\Steps\swaglab2.robot">
<test id="s1-t1" name="Login with valid username and valid password using CSV File" line="23">
<kw name="Open Browser" library="SeleniumLibrary" type="SETUP">
<arg>${base_url}</arg>
<arg>${browser_type}</arg>
<doc>Opens a new browser instance to the optional ``url``.</doc>
<msg timestamp="20220622 21:23:10.462" level="INFO">Opening browser 'Chrome' to base url 'https://www.saucedemo.com/'.</msg>
<status status="PASS" starttime="20220622 21:23:10.461" endtime="20220622 21:23:12.828"/>
</kw>
<kw name="I Login with valid username and valid password">
<arg>standard_user</arg>
<arg>secret_sauce</arg>
<kw name="Maximize Browser Window" library="SeleniumLibrary">
<doc>Maximizes current browser window.</doc>
<status status="PASS" starttime="20220622 21:23:12.869" endtime="20220622 21:23:13.025"/>
</kw>
<kw name="Input Text" library="SeleniumLibrary">
<arg>${input_username}</arg>
<arg>${username}</arg>
<doc>Types the given ``text`` into the text field identified by ``locator``.</doc>
<msg timestamp="20220622 21:23:13.026" level="INFO">Typing text 'standard_user' into text field '//input[@id="user-name"]'.</msg>
<status status="PASS" starttime="20220622 21:23:13.025" endtime="20220622 21:23:13.237"/>
</kw>
<kw name="Input Text" library="SeleniumLibrary">
<arg>${input_password}</arg>
<arg>${password}</arg>
<doc>Types the given ``text`` into the text field identified by ``locator``.</doc>
<msg timestamp="20220622 21:23:13.238" level="INFO">Typing text 'secret_sauce' into text field '//input[@id="password"]'.</msg>
<status status="PASS" starttime="20220622 21:23:13.237" endtime="20220622 21:23:13.456"/>
</kw>
<kw name="Click Element" library="SeleniumLibrary">
<arg>${login_button}</arg>
<doc>Click the element identified by ``locator``.</doc>
<msg timestamp="20220622 21:23:13.456" level="INFO">Clicking element '//input[@id="login-button"]'.</msg>
<status status="PASS" starttime="20220622 21:23:13.456" endtime="20220622 21:23:13.661"/>
</kw>
<kw name="Element Should Be Visible" library="SeleniumLibrary">
<arg>${validasi_logo}</arg>
<doc>Verifies that the element identified by ``locator`` is visible.</doc>
<msg timestamp="20220622 21:23:13.733" level="INFO">Element '//div[@class="app_logo"]' is displayed.</msg>
<status status="PASS" starttime="20220622 21:23:13.661" endtime="20220622 21:23:13.733"/>
</kw>
<status status="PASS" starttime="20220622 21:23:12.866" endtime="20220622 21:23:13.733"/>
</kw>
<kw name="Close Browser" library="SeleniumLibrary" type="TEARDOWN">
<doc>Closes the current browser.</doc>
<status status="PASS" starttime="20220622 21:23:13.734" endtime="20220622 21:23:16.100"/>
</kw>
<status status="PASS" starttime="20220622 21:23:10.457" endtime="20220622 21:23:16.102"/>
</test>
<test id="s1-t2" name="Login with valid username and valid password using CSV File" line="23">
<kw name="Open Browser" library="SeleniumLibrary" type="SETUP">
<arg>${base_url}</arg>
<arg>${browser_type}</arg>
<doc>Opens a new browser instance to the optional ``url``.</doc>
<msg timestamp="20220622 21:23:16.114" level="INFO">Opening browser 'Chrome' to base url 'https://www.saucedemo.com/'.</msg>
<status status="PASS" starttime="20220622 21:23:16.113" endtime="20220622 21:23:18.435"/>
</kw>
<kw name="I Login with valid username and valid password">
<arg>problem_user</arg>
<arg>secret_sauce</arg>
<kw name="Maximize Browser Window" library="SeleniumLibrary">
<doc>Maximizes current browser window.</doc>
<status status="PASS" starttime="20220622 21:23:18.438" endtime="20220622 21:23:18.621"/>
</kw>
<kw name="Input Text" library="SeleniumLibrary">
<arg>${input_username}</arg>
<arg>${username}</arg>
<doc>Types the given ``text`` into the text field identified by ``locator``.</doc>
<msg timestamp="20220622 21:23:18.621" level="INFO">Typing text 'problem_user' into text field '//input[@id="user-name"]'.</msg>
<status status="PASS" starttime="20220622 21:23:18.621" endtime="20220622 21:23:18.836"/>
</kw>
<kw name="Input Text" library="SeleniumLibrary">
<arg>${input_password}</arg>
<arg>${password}</arg>
<doc>Types the given ``text`` into the text field identified by ``locator``.</doc>
<msg timestamp="20220622 21:23:18.837" level="INFO">Typing text 'secret_sauce' into text field '//input[@id="password"]'.</msg>
<status status="PASS" starttime="20220622 21:23:18.836" endtime="20220622 21:23:18.990"/>
</kw>
<kw name="Click Element" library="SeleniumLibrary">
<arg>${login_button}</arg>
<doc>Click the element identified by ``locator``.</doc>
<msg timestamp="20220622 21:23:18.991" level="INFO">Clicking element '//input[@id="login-button"]'.</msg>
<status status="PASS" starttime="20220622 21:23:18.990" endtime="20220622 21:23:19.143"/>
</kw>
<kw name="Element Should Be Visible" library="SeleniumLibrary">
<arg>${validasi_logo}</arg>
<doc>Verifies that the element identified by ``locator`` is visible.</doc>
<msg timestamp="20220622 21:23:19.204" level="INFO">Element '//div[@class="app_logo"]' is displayed.</msg>
<status status="PASS" starttime="20220622 21:23:19.144" endtime="20220622 21:23:19.204"/>
</kw>
<status status="PASS" starttime="20220622 21:23:18.436" endtime="20220622 21:23:19.205"/>
</kw>
<kw name="Close Browser" library="SeleniumLibrary" type="TEARDOWN">
<doc>Closes the current browser.</doc>
<status status="PASS" starttime="20220622 21:23:19.208" endtime="20220622 21:23:21.576"/>
</kw>
<status status="PASS" starttime="20220622 21:23:16.106" endtime="20220622 21:23:21.577"/>
</test>
<test id="s1-t3" name="Login with valid username and valid password using CSV File" line="23">
<kw name="Open Browser" library="SeleniumLibrary" type="SETUP">
<arg>${base_url}</arg>
<arg>${browser_type}</arg>
<doc>Opens a new browser instance to the optional ``url``.</doc>
<msg timestamp="20220622 21:23:21.588" level="INFO">Opening browser 'Chrome' to base url 'https://www.saucedemo.com/'.</msg>
<status status="PASS" starttime="20220622 21:23:21.587" endtime="20220622 21:23:23.914"/>
</kw>
<kw name="I Login with valid username and valid password">
<arg>performance_glitch_user</arg>
<arg>secret_sauce</arg>
<kw name="Maximize Browser Window" library="SeleniumLibrary">
<doc>Maximizes current browser window.</doc>
<status status="PASS" starttime="20220622 21:23:23.918" endtime="20220622 21:23:24.108"/>
</kw>
<kw name="Input Text" library="SeleniumLibrary">
<arg>${input_username}</arg>
<arg>${username}</arg>
<doc>Types the given ``text`` into the text field identified by ``locator``.</doc>
<msg timestamp="20220622 21:23:24.109" level="INFO">Typing text 'performance_glitch_user' into text field '//input[@id="user-name"]'.</msg>
<status status="PASS" starttime="20220622 21:23:24.108" endtime="20220622 21:23:24.361"/>
</kw>
<kw name="Input Text" library="SeleniumLibrary">
<arg>${input_password}</arg>
<arg>${password}</arg>
<doc>Types the given ``text`` into the text field identified by ``locator``.</doc>
<msg timestamp="20220622 21:23:24.363" level="INFO">Typing text 'secret_sauce' into text field '//input[@id="password"]'.</msg>
<status status="PASS" starttime="20220622 21:23:24.361" endtime="20220622 21:23:24.568"/>
</kw>
<kw name="Click Element" library="SeleniumLibrary">
<arg>${login_button}</arg>
<doc>Click the element identified by ``locator``.</doc>
<msg timestamp="20220622 21:23:24.569" level="INFO">Clicking element '//input[@id="login-button"]'.</msg>
<status status="PASS" starttime="20220622 21:23:24.568" endtime="20220622 21:23:29.815"/>
</kw>
<kw name="Element Should Be Visible" library="SeleniumLibrary">
<arg>${validasi_logo}</arg>
<doc>Verifies that the element identified by ``locator`` is visible.</doc>
<msg timestamp="20220622 21:23:29.865" level="INFO">Element '//div[@class="app_logo"]' is displayed.</msg>
<status status="PASS" starttime="20220622 21:23:29.815" endtime="20220622 21:23:29.865"/>
</kw>
<status status="PASS" starttime="20220622 21:23:23.917" endtime="20220622 21:23:29.865"/>
</kw>
<kw name="Close Browser" library="SeleniumLibrary" type="TEARDOWN">
<doc>Closes the current browser.</doc>
<status status="PASS" starttime="20220622 21:23:29.866" endtime="20220622 21:23:32.317"/>
</kw>
<status status="PASS" starttime="20220622 21:23:21.581" endtime="20220622 21:23:32.318"/>
</test>
<status status="PASS" starttime="20220622 21:23:09.984" endtime="20220622 21:23:32.323"/>
</suite>
<statistics>
<total>
<stat pass="3" fail="0" skip="0">All Tests</stat>
</total>
<tag>
</tag>
<suite>
<stat pass="3" fail="0" skip="0" id="s1" name="Swaglab2">Swaglab2</stat>
</suite>
</statistics>
<errors>
<msg timestamp="20220622 21:23:16.105" level="WARN">Multiple tests with name 'Login with valid username and valid password using CSV File' executed in suite 'Swaglab2'.</msg>
<msg timestamp="20220622 21:23:21.579" level="WARN">Multiple tests with name 'Login with valid username and valid password using CSV File' executed in suite 'Swaglab2'.</msg>
</errors>
</robot>
